# JRE version: 7.0_17-b02
# Java VM: Java HotSpot(TM) 64-Bit Server VM (23.7-b01 mixed mode windows-amd64 compressed oops)
Heap
 PSYoungGen      total 70976K, used 65565K [0x00000000eaab0000, 0x00000000ef550000, 0x0000000100000000)
  eden space 65536K, 91% used [0x00000000eaab0000,0x00000000ee56b7b8,0x00000000eeab0000)
  from space 5440K, 99% used [0x00000000eeab0000,0x00000000eeffc010,0x00000000ef000000)
  to   space 5440K, 0% used [0x00000000ef000000,0x00000000ef000000,0x00000000ef550000)
 ParOldGen       total 87424K, used 9686K [0x00000000c0000000, 0x00000000c5560000, 0x00000000eaab0000)
  object space 87424K, 11% used [0x00000000c0000000,0x00000000c09758b0,0x00000000c5560000)
 PSPermGen       total 24320K, used 24237K [0x00000000b0000000, 0x00000000b17c0000, 0x00000000c0000000)
  object space 24320K, 99% used [0x00000000b0000000,0x00000000b17ab558,0x00000000b17c0000)
GC Heap History (6 events):
Event: 1.652 GC heap before
{Heap before GC invocations=1 (full 0):
 PSYoungGen      total 38208K, used 32768K [0x00000000eaab0000, 0x00000000ed550000, 0x0000000100000000)
  eden space 32768K, 100% used [0x00000000eaab0000,0x00000000ecab0000,0x00000000ecab0000)
  from space 5440K, 0% used [0x00000000ed000000,0x00000000ed000000,0x00000000ed550000)
  to   space 5440K, 0% used [0x00000000ecab0000,0x00000000ecab0000,0x00000000ed000000)
 ParOldGen       total 87424K, used 0K [0x00000000c0000000, 0x00000000c5560000, 0x00000000eaab0000)
  object space 87424K, 0% used [0x00000000c0000000,0x00000000c0000000,0x00000000c5560000)
 PSPermGen       total 21248K, used 9203K [0x00000000b0000000, 0x00000000b14c0000, 0x00000000c0000000)
  object space 21248K, 43% used [0x00000000b0000000,0x00000000b08fcd58,0x00000000b14c0000)
Event: 1.670 GC heap after
Heap after GC invocations=1 (full 0):
 PSYoungGen      total 38208K, used 5415K [0x00000000eaab0000, 0x00000000ef550000, 0x0000000100000000)
  eden space 32768K, 0% used [0x00000000eaab0000,0x00000000eaab0000,0x00000000ecab0000)
  from space 5440K, 99% used [0x00000000ecab0000,0x00000000ecff9f30,0x00000000ed000000)
  to   space 5440K, 0% used [0x00000000ef000000,0x00000000ef000000,0x00000000ef550000)
 ParOldGen       total 87424K, used 8K [0x00000000c0000000, 0x00000000c5560000, 0x00000000eaab0000)
  object space 87424K, 0% used [0x00000000c0000000,0x00000000c0002000,0x00000000c5560000)
 PSPermGen       total 21248K, used 9203K [0x00000000b0000000, 0x00000000b14c0000, 0x00000000c0000000)
  object space 21248K, 43% used [0x00000000b0000000,0x00000000b08fcd58,0x00000000b14c0000)
}
Event: 2.437 GC heap before
{Heap before GC invocations=2 (full 0):
 PSYoungGen      total 38208K, used 38183K [0x00000000eaab0000, 0x00000000ef550000, 0x0000000100000000)
  eden space 32768K, 100% used [0x00000000eaab0000,0x00000000ecab0000,0x00000000ecab0000)
  from space 5440K, 99% used [0x00000000ecab0000,0x00000000ecff9f30,0x00000000ed000000)
  to   space 5440K, 0% used [0x00000000ef000000,0x00000000ef000000,0x00000000ef550000)
 ParOldGen       total 87424K, used 8K [0x00000000c0000000, 0x00000000c5560000, 0x00000000eaab0000)
  object space 87424K, 0% used [0x00000000c0000000,0x00000000c0002000,0x00000000c5560000)
 PSPermGen       total 21248K, used 14254K [0x00000000b0000000, 0x00000000b14c0000, 0x00000000c0000000)
  object space 21248K, 67% used [0x00000000b0000000,0x00000000b0deb910,0x00000000b14c0000)
Event: 2.482 GC heap after
Heap after GC invocations=2 (full 0):
 PSYoungGen      total 70976K, used 5438K [0x00000000eaab0000, 0x00000000ef550000, 0x0000000100000000)
  eden space 65536K, 0% used [0x00000000eaab0000,0x00000000eaab0000,0x00000000eeab0000)
  from space 5440K, 99% used [0x00000000ef000000,0x00000000ef54fac0,0x00000000ef550000)
  to   space 5440K, 0% used [0x00000000eeab0000,0x00000000eeab0000,0x00000000ef000000)
 ParOldGen       total 87424K, used 2339K [0x00000000c0000000, 0x00000000c5560000, 0x00000000eaab0000)
  object space 87424K, 2% used [0x00000000c0000000,0x00000000c0248e30,0x00000000c5560000)
 PSPermGen       total 21248K, used 14254K [0x00000000b0000000, 0x00000000b14c0000, 0x00000000c0000000)
  object space 21248K, 67% used [0x00000000b0000000,0x00000000b0deb910,0x00000000b14c0000)
}
Event: 3.674 GC heap before
{Heap before GC invocations=3 (full 0):
 PSYoungGen      total 70976K, used 70974K [0x00000000eaab0000, 0x00000000ef550000, 0x0000000100000000)
  eden space 65536K, 100% used [0x00000000eaab0000,0x00000000eeab0000,0x00000000eeab0000)
  from space 5440K, 99% used [0x00000000ef000000,0x00000000ef54fac0,0x00000000ef550000)
  to   space 5440K, 0% used [0x00000000eeab0000,0x00000000eeab0000,0x00000000ef000000)
 ParOldGen       total 87424K, used 2339K [0x00000000c0000000, 0x00000000c5560000, 0x00000000eaab0000)
  object space 87424K, 2% used [0x00000000c0000000,0x00000000c0248e30,0x00000000c5560000)
 PSPermGen       total 21248K, used 19353K [0x00000000b0000000, 0x00000000b14c0000, 0x00000000c0000000)
  object space 21248K, 91% used [0x00000000b0000000,0x00000000b12e66e0,0x00000000b14c0000)
Event: 3.692 GC heap after
Heap after GC invocations=3 (full 0):
 PSYoungGen      total 70976K, used 5424K [0x00000000eaab0000, 0x00000000ef550000, 0x0000000100000000)
  eden space 65536K, 0% used [0x00000000eaab0000,0x00000000eaab0000,0x00000000eeab0000)
  from space 5440K, 99% used [0x00000000eeab0000,0x00000000eeffc010,0x00000000ef000000)
  to   space 5440K, 0% used [0x00000000ef000000,0x00000000ef000000,0x00000000ef550000)
 ParOldGen       total 87424K, used 9686K [0x00000000c0000000, 0x00000000c5560000, 0x00000000eaab0000)
  object space 87424K, 11% used [0x00000000c0000000,0x00000000c09758b0,0x00000000c5560000)
 PSPermGen       total 21248K, used 19353K [0x00000000b0000000, 0x00000000b14c0000, 0x00000000c0000000)
  object space 21248K, 91% used [0x00000000b0000000,0x00000000b12e66e0,0x00000000b14c0000)
}

