# JRE version: 7.0_17-b02
# Java VM: Java HotSpot(TM) 64-Bit Server VM (23.7-b01 mixed mode windows-amd64 compressed oops)
Heap
 PSYoungGen      total 274880K, used 65507K [0x00000000eaab0000, 0x00000000fda90000, 0x0000000100000000)
  eden space 254912K, 17% used [0x00000000eaab0000,0x00000000ed730990,0x00000000fa3a0000)
  from space 19968K, 99% used [0x00000000fbc70000,0x00000000fcfe8438,0x00000000fcff0000)
  to   space 25408K, 0% used [0x00000000fa3a0000,0x00000000fa3a0000,0x00000000fbc70000)
 ParOldGen       total 87424K, used 30089K [0x00000000c0000000, 0x00000000c5560000, 0x00000000eaab0000)
  object space 87424K, 34% used [0x00000000c0000000,0x00000000c1d62700,0x00000000c5560000)
 PSPermGen       total 37952K, used 37927K [0x00000000b0000000, 0x00000000b2510000, 0x00000000c0000000)
  object space 37952K, 99% used [0x00000000b0000000,0x00000000b2509fa8,0x00000000b2510000)
GC Heap History (10 events):
Event: 3.942 GC heap before
{Heap before GC invocations=4 (full 0):
 PSYoungGen      total 38208K, used 38191K [0x00000000eaab0000, 0x00000000ef550000, 0x0000000100000000)
  eden space 32768K, 100% used [0x00000000eaab0000,0x00000000ecab0000,0x00000000ecab0000)
  from space 5440K, 99% used [0x00000000ecab0000,0x00000000ecffbc20,0x00000000ed000000)
  to   space 5440K, 0% used [0x00000000ef000000,0x00000000ef000000,0x00000000ef550000)
 ParOldGen       total 87424K, used 5797K [0x00000000c0000000, 0x00000000c5560000, 0x00000000eaab0000)
  object space 87424K, 6% used [0x00000000c0000000,0x00000000c05a9498,0x00000000c5560000)
 PSPermGen       total 21248K, used 19347K [0x00000000b0000000, 0x00000000b14c0000, 0x00000000c0000000)
  object space 21248K, 91% used [0x00000000b0000000,0x00000000b12e4f08,0x00000000b14c0000)
Event: 3.965 GC heap after
Heap after GC invocations=4 (full 0):
 PSYoungGen      total 70976K, used 5424K [0x00000000eaab0000, 0x00000000ef550000, 0x0000000100000000)
  eden space 65536K, 0% used [0x00000000eaab0000,0x00000000eaab0000,0x00000000eeab0000)
  from space 5440K, 99% used [0x00000000ef000000,0x00000000ef54c010,0x00000000ef550000)
  to   space 5440K, 0% used [0x00000000eeab0000,0x00000000eeab0000,0x00000000ef000000)
 ParOldGen       total 87424K, used 9787K [0x00000000c0000000, 0x00000000c5560000, 0x00000000eaab0000)
  object space 87424K, 11% used [0x00000000c0000000,0x00000000c098ec50,0x00000000c5560000)
 PSPermGen       total 21248K, used 19347K [0x00000000b0000000, 0x00000000b14c0000, 0x00000000c0000000)
  object space 21248K, 91% used [0x00000000b0000000,0x00000000b12e4f08,0x00000000b14c0000)
}
Event: 6.470 GC heap before
{Heap before GC invocations=5 (full 0):
 PSYoungGen      total 70976K, used 70960K [0x00000000eaab0000, 0x00000000ef550000, 0x0000000100000000)
  eden space 65536K, 100% used [0x00000000eaab0000,0x00000000eeab0000,0x00000000eeab0000)
  from space 5440K, 99% used [0x00000000ef000000,0x00000000ef54c010,0x00000000ef550000)
  to   space 5440K, 0% used [0x00000000eeab0000,0x00000000eeab0000,0x00000000ef000000)
 ParOldGen       total 87424K, used 9787K [0x00000000c0000000, 0x00000000c5560000, 0x00000000eaab0000)
  object space 87424K, 11% used [0x00000000c0000000,0x00000000c098ec50,0x00000000c5560000)
 PSPermGen       total 24704K, used 24563K [0x00000000b0000000, 0x00000000b1820000, 0x00000000c0000000)
  object space 24704K, 99% used [0x00000000b0000000,0x00000000b17fcc80,0x00000000b1820000)
Event: 6.489 GC heap after
Heap after GC invocations=5 (full 0):
 PSYoungGen      total 70976K, used 5440K [0x00000000eaab0000, 0x00000000f44f0000, 0x0000000100000000)
  eden space 65536K, 0% used [0x00000000eaab0000,0x00000000eaab0000,0x00000000eeab0000)
  from space 5440K, 100% used [0x00000000eeab0000,0x00000000ef000000,0x00000000ef000000)
  to   space 13440K, 0% used [0x00000000f37d0000,0x00000000f37d0000,0x00000000f44f0000)
 ParOldGen       total 87424K, used 16654K [0x00000000c0000000, 0x00000000c5560000, 0x00000000eaab0000)
  object space 87424K, 19% used [0x00000000c0000000,0x00000000c1043968,0x00000000c5560000)
 PSPermGen       total 24704K, used 24563K [0x00000000b0000000, 0x00000000b1820000, 0x00000000c0000000)
  object space 24704K, 99% used [0x00000000b0000000,0x00000000b17fcc80,0x00000000b1820000)
}
Event: 7.129 GC heap before
{Heap before GC invocations=6 (full 0):
 PSYoungGen      total 70976K, used 70976K [0x00000000eaab0000, 0x00000000f44f0000, 0x0000000100000000)
  eden space 65536K, 100% used [0x00000000eaab0000,0x00000000eeab0000,0x00000000eeab0000)
  from space 5440K, 100% used [0x00000000eeab0000,0x00000000ef000000,0x00000000ef000000)
  to   space 13440K, 0% used [0x00000000f37d0000,0x00000000f37d0000,0x00000000f44f0000)
 ParOldGen       total 87424K, used 16654K [0x00000000c0000000, 0x00000000c5560000, 0x00000000eaab0000)
  object space 87424K, 19% used [0x00000000c0000000,0x00000000c1043968,0x00000000c5560000)
 PSPermGen       total 26624K, used 26491K [0x00000000b0000000, 0x00000000b1a00000, 0x00000000c0000000)
  object space 26624K, 99% used [0x00000000b0000000,0x00000000b19dec30,0x00000000b1a00000)
Event: 7.160 GC heap after
Heap after GC invocations=6 (full 0):
 PSYoungGen      total 143616K, used 11695K [0x00000000eaab0000, 0x00000000f46b0000, 0x0000000100000000)
  eden space 130176K, 0% used [0x00000000eaab0000,0x00000000eaab0000,0x00000000f29d0000)
  from space 13440K, 87% used [0x00000000f37d0000,0x00000000f433bf98,0x00000000f44f0000)
  to   space 14336K, 0% used [0x00000000f29d0000,0x00000000f29d0000,0x00000000f37d0000)
 ParOldGen       total 87424K, used 16654K [0x00000000c0000000, 0x00000000c5560000, 0x00000000eaab0000)
  object space 87424K, 19% used [0x00000000c0000000,0x00000000c1043968,0x00000000c5560000)
 PSPermGen       total 26624K, used 26491K [0x00000000b0000000, 0x00000000b1a00000, 0x00000000c0000000)
  object space 26624K, 99% used [0x00000000b0000000,0x00000000b19dec30,0x00000000b1a00000)
}
Event: 8.820 GC heap before
{Heap before GC invocations=7 (full 0):
 PSYoungGen      total 143616K, used 141871K [0x00000000eaab0000, 0x00000000f46b0000, 0x0000000100000000)
  eden space 130176K, 100% used [0x00000000eaab0000,0x00000000f29d0000,0x00000000f29d0000)
  from space 13440K, 87% used [0x00000000f37d0000,0x00000000f433bf98,0x00000000f44f0000)
  to   space 14336K, 0% used [0x00000000f29d0000,0x00000000f29d0000,0x00000000f37d0000)
 ParOldGen       total 87424K, used 16654K [0x00000000c0000000, 0x00000000c5560000, 0x00000000eaab0000)
  object space 87424K, 19% used [0x00000000c0000000,0x00000000c1043968,0x00000000c5560000)
 PSPermGen       total 30464K, used 30278K [0x00000000b0000000, 0x00000000b1dc0000, 0x00000000c0000000)
  object space 30464K, 99% used [0x00000000b0000000,0x00000000b1d91ba8,0x00000000b1dc0000)
Event: 8.884 GC heap after
Heap after GC invocations=7 (full 0):
 PSYoungGen      total 144512K, used 14324K [0x00000000eaab0000, 0x00000000fcff0000, 0x0000000100000000)
  eden space 130176K, 0% used [0x00000000eaab0000,0x00000000eaab0000,0x00000000f29d0000)
  from space 14336K, 99% used [0x00000000f29d0000,0x00000000f37cd010,0x00000000f37d0000)
  to   space 19968K, 0% used [0x00000000fbc70000,0x00000000fbc70000,0x00000000fcff0000)
 ParOldGen       total 87424K, used 24156K [0x00000000c0000000, 0x00000000c5560000, 0x00000000eaab0000)
  object space 87424K, 27% used [0x00000000c0000000,0x00000000c17972e0,0x00000000c5560000)
 PSPermGen       total 30464K, used 30278K [0x00000000b0000000, 0x00000000b1dc0000, 0x00000000c0000000)
  object space 30464K, 99% used [0x00000000b0000000,0x00000000b1d91ba8,0x00000000b1dc0000)
}
Event: 25.019 GC heap before
{Heap before GC invocations=8 (full 0):
 PSYoungGen      total 144512K, used 144500K [0x00000000eaab0000, 0x00000000fcff0000, 0x0000000100000000)
  eden space 130176K, 100% used [0x00000000eaab0000,0x00000000f29d0000,0x00000000f29d0000)
  from space 14336K, 99% used [0x00000000f29d0000,0x00000000f37cd010,0x00000000f37d0000)
  to   space 19968K, 0% used [0x00000000fbc70000,0x00000000fbc70000,0x00000000fcff0000)
 ParOldGen       total 87424K, used 24156K [0x00000000c0000000, 0x00000000c5560000, 0x00000000eaab0000)
  object space 87424K, 27% used [0x00000000c0000000,0x00000000c17972e0,0x00000000c5560000)
 PSPermGen       total 36992K, used 36986K [0x00000000b0000000, 0x00000000b2420000, 0x00000000c0000000)
  object space 36992K, 99% used [0x00000000b0000000,0x00000000b241e858,0x00000000b2420000)
Event: 25.050 GC heap after
Heap after GC invocations=8 (full 0):
 PSYoungGen      total 274880K, used 19937K [0x00000000eaab0000, 0x00000000fda90000, 0x0000000100000000)
  eden space 254912K, 0% used [0x00000000eaab0000,0x00000000eaab0000,0x00000000fa3a0000)
  from space 19968K, 99% used [0x00000000fbc70000,0x00000000fcfe8438,0x00000000fcff0000)
  to   space 25408K, 0% used [0x00000000fa3a0000,0x00000000fa3a0000,0x00000000fbc70000)
 ParOldGen       total 87424K, used 30089K [0x00000000c0000000, 0x00000000c5560000, 0x00000000eaab0000)
  object space 87424K, 34% used [0x00000000c0000000,0x00000000c1d62700,0x00000000c5560000)
 PSPermGen       total 36992K, used 36986K [0x00000000b0000000, 0x00000000b2420000, 0x00000000c0000000)
  object space 36992K, 99% used [0x00000000b0000000,0x00000000b241e858,0x00000000b2420000)
}

