# JRE version: 7.0_17-b02
# Java VM: Java HotSpot(TM) 64-Bit Server VM (23.7-b01 mixed mode windows-amd64 compressed oops)
Heap
 PSYoungGen      total 280192K, used 88906K [0x00000000eaab0000, 0x00000000fd830000, 0x0000000100000000)
  eden space 256256K, 34% used [0x00000000eaab0000,0x00000000f0182918,0x00000000fa4f0000)
  from space 23936K, 0% used [0x00000000fa4f0000,0x00000000fa4f0000,0x00000000fbc50000)
  to   space 24192K, 0% used [0x00000000fc090000,0x00000000fc090000,0x00000000fd830000)
 ParOldGen       total 87424K, used 37325K [0x00000000c0000000, 0x00000000c5560000, 0x00000000eaab0000)
  object space 87424K, 42% used [0x00000000c0000000,0x00000000c24735c0,0x00000000c5560000)
 PSPermGen       total 74944K, used 39964K [0x00000000b0000000, 0x00000000b4930000, 0x00000000c0000000)
  object space 74944K, 53% used [0x00000000b0000000,0x00000000b2707018,0x00000000b4930000)
GC Heap History (10 events):
Event: 5.332 GC heap before
{Heap before GC invocations=6 (full 0):
 PSYoungGen      total 70976K, used 70960K [0x00000000eaab0000, 0x00000000f44d0000, 0x0000000100000000)
  eden space 65536K, 100% used [0x00000000eaab0000,0x00000000eeab0000,0x00000000eeab0000)
  from space 5440K, 99% used [0x00000000eeab0000,0x00000000eeffc010,0x00000000ef000000)
  to   space 13376K, 0% used [0x00000000f37c0000,0x00000000f37c0000,0x00000000f44d0000)
 ParOldGen       total 87424K, used 16528K [0x00000000c0000000, 0x00000000c5560000, 0x00000000eaab0000)
  object space 87424K, 18% used [0x00000000c0000000,0x00000000c10241f8,0x00000000c5560000)
 PSPermGen       total 26624K, used 26486K [0x00000000b0000000, 0x00000000b1a00000, 0x00000000c0000000)
  object space 26624K, 99% used [0x00000000b0000000,0x00000000b19dd8b0,0x00000000b1a00000)
Event: 5.362 GC heap after
Heap after GC invocations=6 (full 0):
 PSYoungGen      total 143552K, used 11631K [0x00000000eaab0000, 0x00000000f4690000, 0x0000000100000000)
  eden space 130176K, 0% used [0x00000000eaab0000,0x00000000eaab0000,0x00000000f29d0000)
  from space 13376K, 86% used [0x00000000f37c0000,0x00000000f431bea0,0x00000000f44d0000)
  to   space 14272K, 0% used [0x00000000f29d0000,0x00000000f29d0000,0x00000000f37c0000)
 ParOldGen       total 87424K, used 16536K [0x00000000c0000000, 0x00000000c5560000, 0x00000000eaab0000)
  object space 87424K, 18% used [0x00000000c0000000,0x00000000c10261f8,0x00000000c5560000)
 PSPermGen       total 26624K, used 26486K [0x00000000b0000000, 0x00000000b1a00000, 0x00000000c0000000)
  object space 26624K, 99% used [0x00000000b0000000,0x00000000b19dd8b0,0x00000000b1a00000)
}
Event: 6.698 GC heap before
{Heap before GC invocations=7 (full 0):
 PSYoungGen      total 143552K, used 141807K [0x00000000eaab0000, 0x00000000f4690000, 0x0000000100000000)
  eden space 130176K, 100% used [0x00000000eaab0000,0x00000000f29d0000,0x00000000f29d0000)
  from space 13376K, 86% used [0x00000000f37c0000,0x00000000f431bea0,0x00000000f44d0000)
  to   space 14272K, 0% used [0x00000000f29d0000,0x00000000f29d0000,0x00000000f37c0000)
 ParOldGen       total 87424K, used 16536K [0x00000000c0000000, 0x00000000c5560000, 0x00000000eaab0000)
  object space 87424K, 18% used [0x00000000c0000000,0x00000000c10261f8,0x00000000c5560000)
 PSPermGen       total 30464K, used 30277K [0x00000000b0000000, 0x00000000b1dc0000, 0x00000000c0000000)
  object space 30464K, 99% used [0x00000000b0000000,0x00000000b1d91750,0x00000000b1dc0000)
Event: 6.723 GC heap after
Heap after GC invocations=7 (full 0):
 PSYoungGen      total 144448K, used 14256K [0x00000000eaab0000, 0x00000000fcfb0000, 0x0000000100000000)
  eden space 130176K, 0% used [0x00000000eaab0000,0x00000000eaab0000,0x00000000f29d0000)
  from space 14272K, 99% used [0x00000000f29d0000,0x00000000f37bc010,0x00000000f37c0000)
  to   space 19840K, 0% used [0x00000000fbc50000,0x00000000fbc50000,0x00000000fcfb0000)
 ParOldGen       total 87424K, used 23984K [0x00000000c0000000, 0x00000000c5560000, 0x00000000eaab0000)
  object space 87424K, 27% used [0x00000000c0000000,0x00000000c176c158,0x00000000c5560000)
 PSPermGen       total 30464K, used 30277K [0x00000000b0000000, 0x00000000b1dc0000, 0x00000000c0000000)
  object space 30464K, 99% used [0x00000000b0000000,0x00000000b1d91750,0x00000000b1dc0000)
}
Event: 10.707 GC heap before
{Heap before GC invocations=8 (full 0):
 PSYoungGen      total 144448K, used 144432K [0x00000000eaab0000, 0x00000000fcfb0000, 0x0000000100000000)
  eden space 130176K, 100% used [0x00000000eaab0000,0x00000000f29d0000,0x00000000f29d0000)
  from space 14272K, 99% used [0x00000000f29d0000,0x00000000f37bc010,0x00000000f37c0000)
  to   space 19840K, 0% used [0x00000000fbc50000,0x00000000fbc50000,0x00000000fcfb0000)
 ParOldGen       total 87424K, used 23984K [0x00000000c0000000, 0x00000000c5560000, 0x00000000eaab0000)
  object space 87424K, 27% used [0x00000000c0000000,0x00000000c176c158,0x00000000c5560000)
 PSPermGen       total 35264K, used 35128K [0x00000000b0000000, 0x00000000b2270000, 0x00000000c0000000)
  object space 35264K, 99% used [0x00000000b0000000,0x00000000b224e2f0,0x00000000b2270000)
Event: 10.729 GC heap after
Heap after GC invocations=8 (full 0):
 PSYoungGen      total 276096K, used 19820K [0x00000000eaab0000, 0x00000000fd7b0000, 0x0000000100000000)
  eden space 256256K, 0% used [0x00000000eaab0000,0x00000000eaab0000,0x00000000fa4f0000)
  from space 19840K, 99% used [0x00000000fbc50000,0x00000000fcfab088,0x00000000fcfb0000)
  to   space 23936K, 0% used [0x00000000fa4f0000,0x00000000fa4f0000,0x00000000fbc50000)
 ParOldGen       total 87424K, used 26948K [0x00000000c0000000, 0x00000000c5560000, 0x00000000eaab0000)
  object space 87424K, 30% used [0x00000000c0000000,0x00000000c1a51000,0x00000000c5560000)
 PSPermGen       total 35264K, used 35128K [0x00000000b0000000, 0x00000000b2270000, 0x00000000c0000000)
  object space 35264K, 99% used [0x00000000b0000000,0x00000000b224e2f0,0x00000000b2270000)
}
Event: 11.473 GC heap before
{Heap before GC invocations=9 (full 0):
 PSYoungGen      total 276096K, used 52507K [0x00000000eaab0000, 0x00000000fd7b0000, 0x0000000100000000)
  eden space 256256K, 12% used [0x00000000eaab0000,0x00000000eca9bce8,0x00000000fa4f0000)
  from space 19840K, 99% used [0x00000000fbc50000,0x00000000fcfab088,0x00000000fcfb0000)
  to   space 23936K, 0% used [0x00000000fa4f0000,0x00000000fa4f0000,0x00000000fbc50000)
 ParOldGen       total 87424K, used 26948K [0x00000000c0000000, 0x00000000c5560000, 0x00000000eaab0000)
  object space 87424K, 30% used [0x00000000c0000000,0x00000000c1a51000,0x00000000c5560000)
 PSPermGen       total 37568K, used 37473K [0x00000000b0000000, 0x00000000b24b0000, 0x00000000c0000000)
  object space 37568K, 99% used [0x00000000b0000000,0x00000000b2498690,0x00000000b24b0000)
Event: 11.522 GC heap after
Heap after GC invocations=9 (full 0):
 PSYoungGen      total 280192K, used 16048K [0x00000000eaab0000, 0x00000000fd830000, 0x0000000100000000)
  eden space 256256K, 0% used [0x00000000eaab0000,0x00000000eaab0000,0x00000000fa4f0000)
  from space 23936K, 67% used [0x00000000fa4f0000,0x00000000fb49c070,0x00000000fbc50000)
  to   space 24192K, 0% used [0x00000000fc090000,0x00000000fc090000,0x00000000fd830000)
 ParOldGen       total 87424K, used 32160K [0x00000000c0000000, 0x00000000c5560000, 0x00000000eaab0000)
  object space 87424K, 36% used [0x00000000c0000000,0x00000000c1f68040,0x00000000c5560000)
 PSPermGen       total 37568K, used 37473K [0x00000000b0000000, 0x00000000b24b0000, 0x00000000c0000000)
  object space 37568K, 99% used [0x00000000b0000000,0x00000000b2498690,0x00000000b24b0000)
}
Event: 11.522 GC heap before
{Heap before GC invocations=10 (full 1):
 PSYoungGen      total 280192K, used 16048K [0x00000000eaab0000, 0x00000000fd830000, 0x0000000100000000)
  eden space 256256K, 0% used [0x00000000eaab0000,0x00000000eaab0000,0x00000000fa4f0000)
  from space 23936K, 67% used [0x00000000fa4f0000,0x00000000fb49c070,0x00000000fbc50000)
  to   space 24192K, 0% used [0x00000000fc090000,0x00000000fc090000,0x00000000fd830000)
 ParOldGen       total 87424K, used 32160K [0x00000000c0000000, 0x00000000c5560000, 0x00000000eaab0000)
  object space 87424K, 36% used [0x00000000c0000000,0x00000000c1f68040,0x00000000c5560000)
 PSPermGen       total 37568K, used 37473K [0x00000000b0000000, 0x00000000b24b0000, 0x00000000c0000000)
  object space 37568K, 99% used [0x00000000b0000000,0x00000000b2498690,0x00000000b24b0000)
Event: 11.954 GC heap after
Heap after GC invocations=10 (full 1):
 PSYoungGen      total 280192K, used 0K [0x00000000eaab0000, 0x00000000fd830000, 0x0000000100000000)
  eden space 256256K, 0% used [0x00000000eaab0000,0x00000000eaab0000,0x00000000fa4f0000)
  from space 23936K, 0% used [0x00000000fa4f0000,0x00000000fa4f0000,0x00000000fbc50000)
  to   space 24192K, 0% used [0x00000000fc090000,0x00000000fc090000,0x00000000fd830000)
 ParOldGen       total 87424K, used 37325K [0x00000000c0000000, 0x00000000c5560000, 0x00000000eaab0000)
  object space 87424K, 42% used [0x00000000c0000000,0x00000000c24735c0,0x00000000c5560000)
 PSPermGen       total 74944K, used 37450K [0x00000000b0000000, 0x00000000b4930000, 0x00000000c0000000)
  object space 74944K, 49% used [0x00000000b0000000,0x00000000b2492b68,0x00000000b4930000)
}

