# JRE version: Java(TM) SE Runtime Environment (8.0_05-b13) (build 1.8.0_05-b13)
# Java VM: Java HotSpot(TM) 64-Bit Server VM (25.5-b02 mixed mode windows-amd64 compressed oops)
Heap:
 PSYoungGen      total 83456K, used 38412K [0x00000000eab00000, 0x00000000f0980000, 0x0000000100000000)
  eden space 73216K, 41% used [0x00000000eab00000,0x00000000ec88ce58,0x00000000ef280000)
  from space 10240K, 79% used [0x00000000efd80000,0x00000000f0576370,0x00000000f0780000)
  to   space 11264K, 0% used [0x00000000ef280000,0x00000000ef280000,0x00000000efd80000)
 ParOldGen       total 129536K, used 34173K [0x00000000c0000000, 0x00000000c7e80000, 0x00000000eab00000)
  object space 129536K, 26% used [0x00000000c0000000,0x00000000c215f490,0x00000000c7e80000)
 Metaspace       used 5595K, capacity 6896K, committed 7040K, reserved 1056768K
  class space    used 559K, capacity 616K, committed 640K, reserved 1048576K
GC Heap History (10 events):
Event: 2.003 GC heap before
{Heap before GC invocations=14 (full 0):
 PSYoungGen      total 24064K, used 23072K [0x00000000eab00000, 0x00000000ed300000, 0x0000000100000000)
  eden space 20480K, 100% used [0x00000000eab00000,0x00000000ebf00000,0x00000000ebf00000)
  from space 3584K, 72% used [0x00000000ebf00000,0x00000000ec188000,0x00000000ec280000)
  to   space 4096K, 0% used [0x00000000ecf00000,0x00000000ecf00000,0x00000000ed300000)
 ParOldGen       total 129536K, used 10919K [0x00000000c0000000, 0x00000000c7e80000, 0x00000000eab00000)
  object space 129536K, 8% used [0x00000000c0000000,0x00000000c0aa9d80,0x00000000c7e80000)
 Metaspace       used 5417K, capacity 6832K, committed 7040K, reserved 1056768K
  class space    used 540K, capacity 616K, committed 640K, reserved 1048576K
Event: 2.037 GC heap after
Heap after GC invocations=14 (full 0):
 PSYoungGen      total 36864K, used 3383K [0x00000000eab00000, 0x00000000ed300000, 0x0000000100000000)
  eden space 32768K, 0% used [0x00000000eab00000,0x00000000eab00000,0x00000000ecb00000)
  from space 4096K, 82% used [0x00000000ecf00000,0x00000000ed24df60,0x00000000ed300000)
  to   space 4096K, 0% used [0x00000000ecb00000,0x00000000ecb00000,0x00000000ecf00000)
 ParOldGen       total 129536K, used 13424K [0x00000000c0000000, 0x00000000c7e80000, 0x00000000eab00000)
  object space 129536K, 10% used [0x00000000c0000000,0x00000000c0d1c3f0,0x00000000c7e80000)
 Metaspace       used 5417K, capacity 6832K, committed 7040K, reserved 1056768K
  class space    used 540K, capacity 616K, committed 640K, reserved 1048576K
}
Event: 2.282 GC heap before
{Heap before GC invocations=15 (full 0):
 PSYoungGen      total 36864K, used 36151K [0x00000000eab00000, 0x00000000ed300000, 0x0000000100000000)
  eden space 32768K, 100% used [0x00000000eab00000,0x00000000ecb00000,0x00000000ecb00000)
  from space 4096K, 82% used [0x00000000ecf00000,0x00000000ed24df60,0x00000000ed300000)
  to   space 4096K, 0% used [0x00000000ecb00000,0x00000000ecb00000,0x00000000ecf00000)
 ParOldGen       total 129536K, used 13424K [0x00000000c0000000, 0x00000000c7e80000, 0x00000000eab00000)
  object space 129536K, 10% used [0x00000000c0000000,0x00000000c0d1c3f0,0x00000000c7e80000)
 Metaspace       used 5443K, capacity 6832K, committed 7040K, reserved 1056768K
  class space    used 540K, capacity 616K, committed 640K, reserved 1048576K
Event: 2.333 GC heap after
Heap after GC invocations=15 (full 0):
 PSYoungGen      total 36864K, used 4079K [0x00000000eab00000, 0x00000000eeb80000, 0x0000000100000000)
  eden space 32768K, 0% used [0x00000000eab00000,0x00000000eab00000,0x00000000ecb00000)
  from space 4096K, 99% used [0x00000000ecb00000,0x00000000ecefbe00,0x00000000ecf00000)
  to   space 6656K, 0% used [0x00000000ee500000,0x00000000ee500000,0x00000000eeb80000)
 ParOldGen       total 129536K, used 17703K [0x00000000c0000000, 0x00000000c7e80000, 0x00000000eab00000)
  object space 129536K, 13% used [0x00000000c0000000,0x00000000c1149e18,0x00000000c7e80000)
 Metaspace       used 5443K, capacity 6832K, committed 7040K, reserved 1056768K
  class space    used 540K, capacity 616K, committed 640K, reserved 1048576K
}
Event: 2.593 GC heap before
{Heap before GC invocations=16 (full 0):
 PSYoungGen      total 36864K, used 36847K [0x00000000eab00000, 0x00000000eeb80000, 0x0000000100000000)
  eden space 32768K, 100% used [0x00000000eab00000,0x00000000ecb00000,0x00000000ecb00000)
  from space 4096K, 99% used [0x00000000ecb00000,0x00000000ecefbe00,0x00000000ecf00000)
  to   space 6656K, 0% used [0x00000000ee500000,0x00000000ee500000,0x00000000eeb80000)
 ParOldGen       total 129536K, used 17703K [0x00000000c0000000, 0x00000000c7e80000, 0x00000000eab00000)
  object space 129536K, 13% used [0x00000000c0000000,0x00000000c1149e18,0x00000000c7e80000)
 Metaspace       used 5449K, capacity 6832K, committed 7040K, reserved 1056768K
  class space    used 540K, capacity 616K, committed 640K, reserved 1048576K
Event: 2.709 GC heap after
Heap after GC invocations=16 (full 0):
 PSYoungGen      total 59392K, used 4544K [0x00000000eab00000, 0x00000000eeb80000, 0x0000000100000000)
  eden space 52736K, 0% used [0x00000000eab00000,0x00000000eab00000,0x00000000ede80000)
  from space 6656K, 68% used [0x00000000ee500000,0x00000000ee970000,0x00000000eeb80000)
  to   space 6656K, 0% used [0x00000000ede80000,0x00000000ede80000,0x00000000ee500000)
 ParOldGen       total 129536K, used 21528K [0x00000000c0000000, 0x00000000c7e80000, 0x00000000eab00000)
  object space 129536K, 16% used [0x00000000c0000000,0x00000000c15063a0,0x00000000c7e80000)
 Metaspace       used 5449K, capacity 6832K, committed 7040K, reserved 1056768K
  class space    used 540K, capacity 616K, committed 640K, reserved 1048576K
}
Event: 3.171 GC heap before
{Heap before GC invocations=17 (full 0):
 PSYoungGen      total 59392K, used 57280K [0x00000000eab00000, 0x00000000eeb80000, 0x0000000100000000)
  eden space 52736K, 100% used [0x00000000eab00000,0x00000000ede80000,0x00000000ede80000)
  from space 6656K, 68% used [0x00000000ee500000,0x00000000ee970000,0x00000000eeb80000)
  to   space 6656K, 0% used [0x00000000ede80000,0x00000000ede80000,0x00000000ee500000)
 ParOldGen       total 129536K, used 21528K [0x00000000c0000000, 0x00000000c7e80000, 0x00000000eab00000)
  object space 129536K, 16% used [0x00000000c0000000,0x00000000c15063a0,0x00000000c7e80000)
 Metaspace       used 5495K, capacity 6896K, committed 7040K, reserved 1056768K
  class space    used 540K, capacity 616K, committed 640K, reserved 1048576K
Event: 3.228 GC heap after
Heap after GC invocations=17 (full 0):
 PSYoungGen      total 59392K, used 6624K [0x00000000eab00000, 0x00000000f0780000, 0x0000000100000000)
  eden space 52736K, 0% used [0x00000000eab00000,0x00000000eab00000,0x00000000ede80000)
  from space 6656K, 99% used [0x00000000ede80000,0x00000000ee4f8010,0x00000000ee500000)
  to   space 10240K, 0% used [0x00000000efd80000,0x00000000efd80000,0x00000000f0780000)
 ParOldGen       total 129536K, used 27483K [0x00000000c0000000, 0x00000000c7e80000, 0x00000000eab00000)
  object space 129536K, 21% used [0x00000000c0000000,0x00000000c1ad6e48,0x00000000c7e80000)
 Metaspace       used 5495K, capacity 6896K, committed 7040K, reserved 1056768K
  class space    used 540K, capacity 616K, committed 640K, reserved 1048576K
}
Event: 3.614 GC heap before
{Heap before GC invocations=18 (full 0):
 PSYoungGen      total 59392K, used 59360K [0x00000000eab00000, 0x00000000f0780000, 0x0000000100000000)
  eden space 52736K, 100% used [0x00000000eab00000,0x00000000ede80000,0x00000000ede80000)
  from space 6656K, 99% used [0x00000000ede80000,0x00000000ee4f8010,0x00000000ee500000)
  to   space 10240K, 0% used [0x00000000efd80000,0x00000000efd80000,0x00000000f0780000)
 ParOldGen       total 129536K, used 27483K [0x00000000c0000000, 0x00000000c7e80000, 0x00000000eab00000)
  object space 129536K, 21% used [0x00000000c0000000,0x00000000c1ad6e48,0x00000000c7e80000)
 Metaspace       used 5504K, capacity 6896K, committed 7040K, reserved 1056768K
  class space    used 540K, capacity 616K, committed 640K, reserved 1048576K
Event: 3.703 GC heap after
Heap after GC invocations=18 (full 0):
 PSYoungGen      total 83456K, used 8152K [0x00000000eab00000, 0x00000000f0980000, 0x0000000100000000)
  eden space 73216K, 0% used [0x00000000eab00000,0x00000000eab00000,0x00000000ef280000)
  from space 10240K, 79% used [0x00000000efd80000,0x00000000f0576370,0x00000000f0780000)
  to   space 11264K, 0% used [0x00000000ef280000,0x00000000ef280000,0x00000000efd80000)
 ParOldGen       total 129536K, used 34173K [0x00000000c0000000, 0x00000000c7e80000, 0x00000000eab00000)
  object space 129536K, 26% used [0x00000000c0000000,0x00000000c215f490,0x00000000c7e80000)
 Metaspace       used 5504K, capacity 6896K, committed 7040K, reserved 1056768K
  class space    used 540K, capacity 616K, committed 640K, reserved 1048576K
}

