# JRE version: 7.0_17-b02
# Java VM: Java HotSpot(TM) 64-Bit Server VM (23.7-b01 mixed mode windows-amd64 compressed oops)
Heap
 PSYoungGen      total 120256K, used 18990K [0x00000000eaab0000, 0x00000000f2f40000, 0x0000000100000000)
  eden space 104832K, 12% used [0x00000000eaab0000,0x00000000eb7b66e0,0x00000000f1110000)
  from space 15424K, 36% used [0x00000000f1110000,0x00000000f16951b0,0x00000000f2020000)
  to   space 15360K, 0% used [0x00000000f2020000,0x00000000f2020000,0x00000000f2f20000)
 ParOldGen       total 87424K, used 48937K [0x00000000c0000000, 0x00000000c5560000, 0x00000000eaab0000)
  object space 87424K, 55% used [0x00000000c0000000,0x00000000c2fca540,0x00000000c5560000)
 PSPermGen       total 36992K, used 36963K [0x00000000b0000000, 0x00000000b2420000, 0x00000000c0000000)
  object space 36992K, 99% used [0x00000000b0000000,0x00000000b2418f08,0x00000000b2420000)
GC Heap History (10 events):
Event: 6.045 GC heap before
{Heap before GC invocations=7 (full 0):
 PSYoungGen      total 70976K, used 70960K [0x00000000eaab0000, 0x00000000ef550000, 0x0000000100000000)
  eden space 65536K, 100% used [0x00000000eaab0000,0x00000000eeab0000,0x00000000eeab0000)
  from space 5440K, 99% used [0x00000000ef000000,0x00000000ef54c010,0x00000000ef550000)
  to   space 5440K, 0% used [0x00000000eeab0000,0x00000000eeab0000,0x00000000ef000000)
 ParOldGen       total 87424K, used 22856K [0x00000000c0000000, 0x00000000c5560000, 0x00000000eaab0000)
  object space 87424K, 26% used [0x00000000c0000000,0x00000000c1652148,0x00000000c5560000)
 PSPermGen       total 29888K, used 29764K [0x00000000b0000000, 0x00000000b1d30000, 0x00000000c0000000)
  object space 29888K, 99% used [0x00000000b0000000,0x00000000b1d11228,0x00000000b1d30000)
Event: 6.068 GC heap after
Heap after GC invocations=7 (full 0):
 PSYoungGen      total 70976K, used 5440K [0x00000000eaab0000, 0x00000000ef550000, 0x0000000100000000)
  eden space 65536K, 0% used [0x00000000eaab0000,0x00000000eaab0000,0x00000000eeab0000)
  from space 5440K, 100% used [0x00000000eeab0000,0x00000000ef000000,0x00000000ef000000)
  to   space 5440K, 0% used [0x00000000ef000000,0x00000000ef000000,0x00000000ef550000)
 ParOldGen       total 87424K, used 28280K [0x00000000c0000000, 0x00000000c5560000, 0x00000000eaab0000)
  object space 87424K, 32% used [0x00000000c0000000,0x00000000c1b9e040,0x00000000c5560000)
 PSPermGen       total 29888K, used 29764K [0x00000000b0000000, 0x00000000b1d30000, 0x00000000c0000000)
  object space 29888K, 99% used [0x00000000b0000000,0x00000000b1d11228,0x00000000b1d30000)
}
Event: 6.810 GC heap before
{Heap before GC invocations=8 (full 0):
 PSYoungGen      total 70976K, used 70976K [0x00000000eaab0000, 0x00000000ef550000, 0x0000000100000000)
  eden space 65536K, 100% used [0x00000000eaab0000,0x00000000eeab0000,0x00000000eeab0000)
  from space 5440K, 100% used [0x00000000eeab0000,0x00000000ef000000,0x00000000ef000000)
  to   space 5440K, 0% used [0x00000000ef000000,0x00000000ef000000,0x00000000ef550000)
 ParOldGen       total 87424K, used 28280K [0x00000000c0000000, 0x00000000c5560000, 0x00000000eaab0000)
  object space 87424K, 32% used [0x00000000c0000000,0x00000000c1b9e040,0x00000000c5560000)
 PSPermGen       total 32192K, used 32148K [0x00000000b0000000, 0x00000000b1f70000, 0x00000000c0000000)
  object space 32192K, 99% used [0x00000000b0000000,0x00000000b1f65180,0x00000000b1f70000)
Event: 6.824 GC heap after
Heap after GC invocations=8 (full 0):
 PSYoungGen      total 70976K, used 5440K [0x00000000eaab0000, 0x00000000ef550000, 0x0000000100000000)
  eden space 65536K, 0% used [0x00000000eaab0000,0x00000000eaab0000,0x00000000eeab0000)
  from space 5440K, 100% used [0x00000000ef000000,0x00000000ef550000,0x00000000ef550000)
  to   space 5440K, 0% used [0x00000000eeab0000,0x00000000eeab0000,0x00000000ef000000)
 ParOldGen       total 87424K, used 34943K [0x00000000c0000000, 0x00000000c5560000, 0x00000000eaab0000)
  object space 87424K, 39% used [0x00000000c0000000,0x00000000c221ff88,0x00000000c5560000)
 PSPermGen       total 32192K, used 32148K [0x00000000b0000000, 0x00000000b1f70000, 0x00000000c0000000)
  object space 32192K, 99% used [0x00000000b0000000,0x00000000b1f65180,0x00000000b1f70000)
}
Event: 7.419 GC heap before
{Heap before GC invocations=9 (full 0):
 PSYoungGen      total 70976K, used 70976K [0x00000000eaab0000, 0x00000000ef550000, 0x0000000100000000)
  eden space 65536K, 100% used [0x00000000eaab0000,0x00000000eeab0000,0x00000000eeab0000)
  from space 5440K, 100% used [0x00000000ef000000,0x00000000ef550000,0x00000000ef550000)
  to   space 5440K, 0% used [0x00000000eeab0000,0x00000000eeab0000,0x00000000ef000000)
 ParOldGen       total 87424K, used 34943K [0x00000000c0000000, 0x00000000c5560000, 0x00000000eaab0000)
  object space 87424K, 39% used [0x00000000c0000000,0x00000000c221ff88,0x00000000c5560000)
 PSPermGen       total 33728K, used 33647K [0x00000000b0000000, 0x00000000b20f0000, 0x00000000c0000000)
  object space 33728K, 99% used [0x00000000b0000000,0x00000000b20dbdf8,0x00000000b20f0000)
Event: 7.432 GC heap after
Heap after GC invocations=9 (full 0):
 PSYoungGen      total 70976K, used 5440K [0x00000000eaab0000, 0x00000000f2f20000, 0x0000000100000000)
  eden space 65536K, 0% used [0x00000000eaab0000,0x00000000eaab0000,0x00000000eeab0000)
  from space 5440K, 100% used [0x00000000eeab0000,0x00000000ef000000,0x00000000ef000000)
  to   space 15360K, 0% used [0x00000000f2020000,0x00000000f2020000,0x00000000f2f20000)
 ParOldGen       total 87424K, used 41619K [0x00000000c0000000, 0x00000000c5560000, 0x00000000eaab0000)
  object space 87424K, 47% used [0x00000000c0000000,0x00000000c28a4d38,0x00000000c5560000)
 PSPermGen       total 33728K, used 33647K [0x00000000b0000000, 0x00000000b20f0000, 0x00000000c0000000)
  object space 33728K, 99% used [0x00000000b0000000,0x00000000b20dbdf8,0x00000000b20f0000)
}
Event: 10.374 GC heap before
{Heap before GC invocations=10 (full 0):
 PSYoungGen      total 70976K, used 70976K [0x00000000eaab0000, 0x00000000f2f20000, 0x0000000100000000)
  eden space 65536K, 100% used [0x00000000eaab0000,0x00000000eeab0000,0x00000000eeab0000)
  from space 5440K, 100% used [0x00000000eeab0000,0x00000000ef000000,0x00000000ef000000)
  to   space 15360K, 0% used [0x00000000f2020000,0x00000000f2020000,0x00000000f2f20000)
 ParOldGen       total 87424K, used 41619K [0x00000000c0000000, 0x00000000c5560000, 0x00000000eaab0000)
  object space 87424K, 47% used [0x00000000c0000000,0x00000000c28a4d38,0x00000000c5560000)
 PSPermGen       total 35072K, used 35070K [0x00000000b0000000, 0x00000000b2240000, 0x00000000c0000000)
  object space 35072K, 99% used [0x00000000b0000000,0x00000000b223fa48,0x00000000b2240000)
Event: 10.387 GC heap after
Heap after GC invocations=10 (full 0):
 PSYoungGen      total 120192K, used 6522K [0x00000000eaab0000, 0x00000000f2f40000, 0x0000000100000000)
  eden space 104832K, 0% used [0x00000000eaab0000,0x00000000eaab0000,0x00000000f1110000)
  from space 15360K, 42% used [0x00000000f2020000,0x00000000f267ebb0,0x00000000f2f20000)
  to   space 15424K, 0% used [0x00000000f1110000,0x00000000f1110000,0x00000000f2020000)
 ParOldGen       total 87424K, used 44043K [0x00000000c0000000, 0x00000000c5560000, 0x00000000eaab0000)
  object space 87424K, 50% used [0x00000000c0000000,0x00000000c2b02d58,0x00000000c5560000)
 PSPermGen       total 35072K, used 35070K [0x00000000b0000000, 0x00000000b2240000, 0x00000000c0000000)
  object space 35072K, 99% used [0x00000000b0000000,0x00000000b223fa48,0x00000000b2240000)
}
Event: 11.685 GC heap before
{Heap before GC invocations=11 (full 0):
 PSYoungGen      total 120192K, used 111354K [0x00000000eaab0000, 0x00000000f2f40000, 0x0000000100000000)
  eden space 104832K, 100% used [0x00000000eaab0000,0x00000000f1110000,0x00000000f1110000)
  from space 15360K, 42% used [0x00000000f2020000,0x00000000f267ebb0,0x00000000f2f20000)
  to   space 15424K, 0% used [0x00000000f1110000,0x00000000f1110000,0x00000000f2020000)
 ParOldGen       total 87424K, used 44043K [0x00000000c0000000, 0x00000000c5560000, 0x00000000eaab0000)
  object space 87424K, 50% used [0x00000000c0000000,0x00000000c2b02d58,0x00000000c5560000)
 PSPermGen       total 36992K, used 36963K [0x00000000b0000000, 0x00000000b2420000, 0x00000000c0000000)
  object space 36992K, 99% used [0x00000000b0000000,0x00000000b2418f08,0x00000000b2420000)
Event: 11.696 GC heap after
Heap after GC invocations=11 (full 0):
 PSYoungGen      total 120256K, used 5652K [0x00000000eaab0000, 0x00000000f2f40000, 0x0000000100000000)
  eden space 104832K, 0% used [0x00000000eaab0000,0x00000000eaab0000,0x00000000f1110000)
  from space 15424K, 36% used [0x00000000f1110000,0x00000000f16951b0,0x00000000f2020000)
  to   space 15360K, 0% used [0x00000000f2020000,0x00000000f2020000,0x00000000f2f20000)
 ParOldGen       total 87424K, used 48937K [0x00000000c0000000, 0x00000000c5560000, 0x00000000eaab0000)
  object space 87424K, 55% used [0x00000000c0000000,0x00000000c2fca540,0x00000000c5560000)
 PSPermGen       total 36992K, used 36963K [0x00000000b0000000, 0x00000000b2420000, 0x00000000c0000000)
  object space 36992K, 99% used [0x00000000b0000000,0x00000000b2418f08,0x00000000b2420000)
}

