# JRE version: Java(TM) SE Runtime Environment (8.0_05-b13) (build 1.8.0_05-b13)
# Java VM: Java HotSpot(TM) 64-Bit Server VM (25.5-b02 mixed mode windows-amd64 compressed oops)
Heap:
 PSYoungGen      total 55808K, used 21099K [0x00000000eab00000, 0x00000000f0280000, 0x0000000100000000)
  eden space 48640K, 28% used [0x00000000eab00000,0x00000000eb89e7c0,0x00000000eda80000)
  from space 7168K, 99% used [0x00000000eda80000,0x00000000ee17c6e0,0x00000000ee180000)
  to   space 10752K, 0% used [0x00000000ef800000,0x00000000ef800000,0x00000000f0280000)
 ParOldGen       total 129536K, used 33069K [0x00000000c0000000, 0x00000000c7e80000, 0x00000000eab00000)
  object space 129536K, 25% used [0x00000000c0000000,0x00000000c204b6b0,0x00000000c7e80000)
 Metaspace       used 5495K, capacity 6896K, committed 7040K, reserved 1056768K
  class space    used 540K, capacity 616K, committed 640K, reserved 1048576K
GC Heap History (10 events):
Event: 2.171 GC heap before
{Heap before GC invocations=17 (full 0):
 PSYoungGen      total 28672K, used 27855K [0x00000000eab00000, 0x00000000ecc00000, 0x0000000100000000)
  eden space 25088K, 100% used [0x00000000eab00000,0x00000000ec380000,0x00000000ec380000)
  from space 3584K, 77% used [0x00000000ec780000,0x00000000eca33ec0,0x00000000ecb00000)
  to   space 4096K, 0% used [0x00000000ec380000,0x00000000ec380000,0x00000000ec780000)
 ParOldGen       total 129536K, used 12165K [0x00000000c0000000, 0x00000000c7e80000, 0x00000000eab00000)
  object space 129536K, 9% used [0x00000000c0000000,0x00000000c0be17c8,0x00000000c7e80000)
 Metaspace       used 5432K, capacity 6832K, committed 7040K, reserved 1056768K
  class space    used 540K, capacity 616K, committed 640K, reserved 1048576K
Event: 2.218 GC heap after
Heap after GC invocations=17 (full 0):
 PSYoungGen      total 29184K, used 4080K [0x00000000eab00000, 0x00000000ed880000, 0x0000000100000000)
  eden space 25088K, 0% used [0x00000000eab00000,0x00000000eab00000,0x00000000ec380000)
  from space 4096K, 99% used [0x00000000ec380000,0x00000000ec77c020,0x00000000ec780000)
  to   space 5632K, 0% used [0x00000000ed300000,0x00000000ed300000,0x00000000ed880000)
 ParOldGen       total 129536K, used 14921K [0x00000000c0000000, 0x00000000c7e80000, 0x00000000eab00000)
  object space 129536K, 11% used [0x00000000c0000000,0x00000000c0e925b8,0x00000000c7e80000)
 Metaspace       used 5432K, capacity 6832K, committed 7040K, reserved 1056768K
  class space    used 540K, capacity 616K, committed 640K, reserved 1048576K
}
Event: 2.393 GC heap before
{Heap before GC invocations=18 (full 0):
 PSYoungGen      total 29184K, used 29168K [0x00000000eab00000, 0x00000000ed880000, 0x0000000100000000)
  eden space 25088K, 100% used [0x00000000eab00000,0x00000000ec380000,0x00000000ec380000)
  from space 4096K, 99% used [0x00000000ec380000,0x00000000ec77c020,0x00000000ec780000)
  to   space 5632K, 0% used [0x00000000ed300000,0x00000000ed300000,0x00000000ed880000)
 ParOldGen       total 129536K, used 14921K [0x00000000c0000000, 0x00000000c7e80000, 0x00000000eab00000)
  object space 129536K, 11% used [0x00000000c0000000,0x00000000c0e925b8,0x00000000c7e80000)
 Metaspace       used 5439K, capacity 6832K, committed 7040K, reserved 1056768K
  class space    used 540K, capacity 616K, committed 640K, reserved 1048576K
Event: 2.522 GC heap after
Heap after GC invocations=18 (full 0):
 PSYoungGen      total 40448K, used 3823K [0x00000000eab00000, 0x00000000ed980000, 0x0000000100000000)
  eden space 34816K, 0% used [0x00000000eab00000,0x00000000eab00000,0x00000000ecd00000)
  from space 5632K, 67% used [0x00000000ed300000,0x00000000ed6bbdf0,0x00000000ed880000)
  to   space 6144K, 0% used [0x00000000ecd00000,0x00000000ecd00000,0x00000000ed300000)
 ParOldGen       total 129536K, used 18977K [0x00000000c0000000, 0x00000000c7e80000, 0x00000000eab00000)
  object space 129536K, 14% used [0x00000000c0000000,0x00000000c12886c0,0x00000000c7e80000)
 Metaspace       used 5439K, capacity 6832K, committed 7040K, reserved 1056768K
  class space    used 540K, capacity 616K, committed 640K, reserved 1048576K
}
Event: 2.770 GC heap before
{Heap before GC invocations=19 (full 0):
 PSYoungGen      total 40448K, used 38639K [0x00000000eab00000, 0x00000000ed980000, 0x0000000100000000)
  eden space 34816K, 100% used [0x00000000eab00000,0x00000000ecd00000,0x00000000ecd00000)
  from space 5632K, 67% used [0x00000000ed300000,0x00000000ed6bbdf0,0x00000000ed880000)
  to   space 6144K, 0% used [0x00000000ecd00000,0x00000000ecd00000,0x00000000ed300000)
 ParOldGen       total 129536K, used 18977K [0x00000000c0000000, 0x00000000c7e80000, 0x00000000eab00000)
  object space 129536K, 14% used [0x00000000c0000000,0x00000000c12886c0,0x00000000c7e80000)
 Metaspace       used 5449K, capacity 6832K, committed 7040K, reserved 1056768K
  class space    used 540K, capacity 616K, committed 640K, reserved 1048576K
Event: 2.847 GC heap after
Heap after GC invocations=19 (full 0):
 PSYoungGen      total 40960K, used 4896K [0x00000000eab00000, 0x00000000ee800000, 0x0000000100000000)
  eden space 34816K, 0% used [0x00000000eab00000,0x00000000eab00000,0x00000000ecd00000)
  from space 6144K, 79% used [0x00000000ecd00000,0x00000000ed1c8000,0x00000000ed300000)
  to   space 6656K, 0% used [0x00000000ee180000,0x00000000ee180000,0x00000000ee800000)
 ParOldGen       total 129536K, used 22348K [0x00000000c0000000, 0x00000000c7e80000, 0x00000000eab00000)
  object space 129536K, 17% used [0x00000000c0000000,0x00000000c15d3100,0x00000000c7e80000)
 Metaspace       used 5449K, capacity 6832K, committed 7040K, reserved 1056768K
  class space    used 540K, capacity 616K, committed 640K, reserved 1048576K
}
Event: 3.064 GC heap before
{Heap before GC invocations=20 (full 0):
 PSYoungGen      total 40960K, used 39712K [0x00000000eab00000, 0x00000000ee800000, 0x0000000100000000)
  eden space 34816K, 100% used [0x00000000eab00000,0x00000000ecd00000,0x00000000ecd00000)
  from space 6144K, 79% used [0x00000000ecd00000,0x00000000ed1c8000,0x00000000ed300000)
  to   space 6656K, 0% used [0x00000000ee180000,0x00000000ee180000,0x00000000ee800000)
 ParOldGen       total 129536K, used 22348K [0x00000000c0000000, 0x00000000c7e80000, 0x00000000eab00000)
  object space 129536K, 17% used [0x00000000c0000000,0x00000000c15d3100,0x00000000c7e80000)
 Metaspace       used 5479K, capacity 6832K, committed 7040K, reserved 1056768K
  class space    used 540K, capacity 616K, committed 640K, reserved 1048576K
Event: 3.091 GC heap after
Heap after GC invocations=20 (full 0):
 PSYoungGen      total 55296K, used 5600K [0x00000000eab00000, 0x00000000ee900000, 0x0000000100000000)
  eden space 48640K, 0% used [0x00000000eab00000,0x00000000eab00000,0x00000000eda80000)
  from space 6656K, 84% used [0x00000000ee180000,0x00000000ee6f8000,0x00000000ee800000)
  to   space 7168K, 0% used [0x00000000eda80000,0x00000000eda80000,0x00000000ee180000)
 ParOldGen       total 129536K, used 27039K [0x00000000c0000000, 0x00000000c7e80000, 0x00000000eab00000)
  object space 129536K, 20% used [0x00000000c0000000,0x00000000c1a67fe8,0x00000000c7e80000)
 Metaspace       used 5479K, capacity 6832K, committed 7040K, reserved 1056768K
  class space    used 540K, capacity 616K, committed 640K, reserved 1048576K
}
Event: 3.417 GC heap before
{Heap before GC invocations=21 (full 0):
 PSYoungGen      total 55296K, used 54240K [0x00000000eab00000, 0x00000000ee900000, 0x0000000100000000)
  eden space 48640K, 100% used [0x00000000eab00000,0x00000000eda80000,0x00000000eda80000)
  from space 6656K, 84% used [0x00000000ee180000,0x00000000ee6f8000,0x00000000ee800000)
  to   space 7168K, 0% used [0x00000000eda80000,0x00000000eda80000,0x00000000ee180000)
 ParOldGen       total 129536K, used 27039K [0x00000000c0000000, 0x00000000c7e80000, 0x00000000eab00000)
  object space 129536K, 20% used [0x00000000c0000000,0x00000000c1a67fe8,0x00000000c7e80000)
 Metaspace       used 5493K, capacity 6896K, committed 7040K, reserved 1056768K
  class space    used 540K, capacity 616K, committed 640K, reserved 1048576K
Event: 3.462 GC heap after
Heap after GC invocations=21 (full 0):
 PSYoungGen      total 55808K, used 7153K [0x00000000eab00000, 0x00000000f0280000, 0x0000000100000000)
  eden space 48640K, 0% used [0x00000000eab00000,0x00000000eab00000,0x00000000eda80000)
  from space 7168K, 99% used [0x00000000eda80000,0x00000000ee17c6e0,0x00000000ee180000)
  to   space 10752K, 0% used [0x00000000ef800000,0x00000000ef800000,0x00000000f0280000)
 ParOldGen       total 129536K, used 33069K [0x00000000c0000000, 0x00000000c7e80000, 0x00000000eab00000)
  object space 129536K, 25% used [0x00000000c0000000,0x00000000c204b6b0,0x00000000c7e80000)
 Metaspace       used 5493K, capacity 6896K, committed 7040K, reserved 1056768K
  class space    used 540K, capacity 616K, committed 640K, reserved 1048576K
}

