# JRE version: 7.0_17-b02
# Java VM: Java HotSpot(TM) 64-Bit Server VM (23.7-b01 mixed mode windows-amd64 compressed oops)
Heap
 PSYoungGen      total 281920K, used 48868K [0x00000000eaab0000, 0x0000000100000000, 0x0000000100000000)
  eden space 257344K, 9% used [0x00000000eaab0000,0x00000000ec318868,0x00000000fa600000)
  from space 24576K, 97% used [0x00000000fc0d0000,0x00000000fd820ac8,0x00000000fd8d0000)
  to   space 27456K, 0% used [0x00000000fa600000,0x00000000fa600000,0x00000000fc0d0000)
 ParOldGen       total 87424K, used 40198K [0x00000000c0000000, 0x00000000c5560000, 0x00000000eaab0000)
  object space 87424K, 45% used [0x00000000c0000000,0x00000000c2741938,0x00000000c5560000)
 PSPermGen       total 69440K, used 40670K [0x00000000b0000000, 0x00000000b43d0000, 0x00000000c0000000)
  object space 69440K, 58% used [0x00000000b0000000,0x00000000b27b7ae0,0x00000000b43d0000)
GC Heap History (10 events):
Event: 5.815 GC heap before
{Heap before GC invocations=7 (full 0):
 PSYoungGen      total 143488K, used 141778K [0x00000000eaab0000, 0x00000000f46b0000, 0x0000000100000000)
  eden space 130112K, 100% used [0x00000000eaab0000,0x00000000f29c0000,0x00000000f29c0000)
  from space 13376K, 87% used [0x00000000f37c0000,0x00000000f4324b08,0x00000000f44d0000)
  to   space 14336K, 0% used [0x00000000f29c0000,0x00000000f29c0000,0x00000000f37c0000)
 ParOldGen       total 87424K, used 16709K [0x00000000c0000000, 0x00000000c5560000, 0x00000000eaab0000)
  object space 87424K, 19% used [0x00000000c0000000,0x00000000c1051468,0x00000000c5560000)
 PSPermGen       total 30464K, used 30285K [0x00000000b0000000, 0x00000000b1dc0000, 0x00000000c0000000)
  object space 30464K, 99% used [0x00000000b0000000,0x00000000b1d93570,0x00000000b1dc0000)
Event: 5.839 GC heap after
Heap after GC invocations=7 (full 0):
 PSYoungGen      total 144448K, used 14324K [0x00000000eaab0000, 0x00000000fcfb0000, 0x0000000100000000)
  eden space 130112K, 0% used [0x00000000eaab0000,0x00000000eaab0000,0x00000000f29c0000)
  from space 14336K, 99% used [0x00000000f29c0000,0x00000000f37bd010,0x00000000f37c0000)
  to   space 19904K, 0% used [0x00000000fbc40000,0x00000000fbc40000,0x00000000fcfb0000)
 ParOldGen       total 87424K, used 24158K [0x00000000c0000000, 0x00000000c5560000, 0x00000000eaab0000)
  object space 87424K, 27% used [0x00000000c0000000,0x00000000c1797970,0x00000000c5560000)
 PSPermGen       total 30464K, used 30285K [0x00000000b0000000, 0x00000000b1dc0000, 0x00000000c0000000)
  object space 30464K, 99% used [0x00000000b0000000,0x00000000b1d93570,0x00000000b1dc0000)
}
Event: 16.280 GC heap before
{Heap before GC invocations=8 (full 0):
 PSYoungGen      total 144448K, used 144436K [0x00000000eaab0000, 0x00000000fcfb0000, 0x0000000100000000)
  eden space 130112K, 100% used [0x00000000eaab0000,0x00000000f29c0000,0x00000000f29c0000)
  from space 14336K, 99% used [0x00000000f29c0000,0x00000000f37bd010,0x00000000f37c0000)
  to   space 19904K, 0% used [0x00000000fbc40000,0x00000000fbc40000,0x00000000fcfb0000)
 ParOldGen       total 87424K, used 24158K [0x00000000c0000000, 0x00000000c5560000, 0x00000000eaab0000)
  object space 87424K, 27% used [0x00000000c0000000,0x00000000c1797970,0x00000000c5560000)
 PSPermGen       total 33728K, used 33609K [0x00000000b0000000, 0x00000000b20f0000, 0x00000000c0000000)
  object space 33728K, 99% used [0x00000000b0000000,0x00000000b20d2590,0x00000000b20f0000)
Event: 16.301 GC heap after
Heap after GC invocations=8 (full 0):
 PSYoungGen      total 275200K, used 19874K [0x00000000eaab0000, 0x00000000fd950000, 0x0000000100000000)
  eden space 255296K, 0% used [0x00000000eaab0000,0x00000000eaab0000,0x00000000fa400000)
  from space 19904K, 99% used [0x00000000fbc40000,0x00000000fcfa88f8,0x00000000fcfb0000)
  to   space 24832K, 0% used [0x00000000fa400000,0x00000000fa400000,0x00000000fbc40000)
 ParOldGen       total 87424K, used 29001K [0x00000000c0000000, 0x00000000c5560000, 0x00000000eaab0000)
  object space 87424K, 33% used [0x00000000c0000000,0x00000000c1c52558,0x00000000c5560000)
 PSPermGen       total 33728K, used 33609K [0x00000000b0000000, 0x00000000b20f0000, 0x00000000c0000000)
  object space 33728K, 99% used [0x00000000b0000000,0x00000000b20d2590,0x00000000b20f0000)
}
Event: 23.515 GC heap before
{Heap before GC invocations=9 (full 0):
 PSYoungGen      total 275200K, used 97796K [0x00000000eaab0000, 0x00000000fd950000, 0x0000000100000000)
  eden space 255296K, 30% used [0x00000000eaab0000,0x00000000ef6c8878,0x00000000fa400000)
  from space 19904K, 99% used [0x00000000fbc40000,0x00000000fcfa88f8,0x00000000fcfb0000)
  to   space 24832K, 0% used [0x00000000fa400000,0x00000000fa400000,0x00000000fbc40000)
 ParOldGen       total 87424K, used 29001K [0x00000000c0000000, 0x00000000c5560000, 0x00000000eaab0000)
  object space 87424K, 33% used [0x00000000c0000000,0x00000000c1c52558,0x00000000c5560000)
 PSPermGen       total 34496K, used 34446K [0x00000000b0000000, 0x00000000b21b0000, 0x00000000c0000000)
  object space 34496K, 99% used [0x00000000b0000000,0x00000000b21a3978,0x00000000b21b0000)
Event: 23.547 GC heap after
Heap after GC invocations=9 (full 0):
 PSYoungGen      total 280128K, used 15347K [0x00000000eaab0000, 0x00000000fd8d0000, 0x0000000100000000)
  eden space 255296K, 0% used [0x00000000eaab0000,0x00000000eaab0000,0x00000000fa400000)
  from space 24832K, 61% used [0x00000000fa400000,0x00000000fb2fce50,0x00000000fbc40000)
  to   space 24576K, 0% used [0x00000000fc0d0000,0x00000000fc0d0000,0x00000000fd8d0000)
 ParOldGen       total 87424K, used 34321K [0x00000000c0000000, 0x00000000c5560000, 0x00000000eaab0000)
  object space 87424K, 39% used [0x00000000c0000000,0x00000000c2184578,0x00000000c5560000)
 PSPermGen       total 34496K, used 34446K [0x00000000b0000000, 0x00000000b21b0000, 0x00000000c0000000)
  object space 34496K, 99% used [0x00000000b0000000,0x00000000b21a3978,0x00000000b21b0000)
}
Event: 23.547 GC heap before
{Heap before GC invocations=10 (full 1):
 PSYoungGen      total 280128K, used 15347K [0x00000000eaab0000, 0x00000000fd8d0000, 0x0000000100000000)
  eden space 255296K, 0% used [0x00000000eaab0000,0x00000000eaab0000,0x00000000fa400000)
  from space 24832K, 61% used [0x00000000fa400000,0x00000000fb2fce50,0x00000000fbc40000)
  to   space 24576K, 0% used [0x00000000fc0d0000,0x00000000fc0d0000,0x00000000fd8d0000)
 ParOldGen       total 87424K, used 34321K [0x00000000c0000000, 0x00000000c5560000, 0x00000000eaab0000)
  object space 87424K, 39% used [0x00000000c0000000,0x00000000c2184578,0x00000000c5560000)
 PSPermGen       total 34496K, used 34446K [0x00000000b0000000, 0x00000000b21b0000, 0x00000000c0000000)
  object space 34496K, 99% used [0x00000000b0000000,0x00000000b21a3978,0x00000000b21b0000)
Event: 23.880 GC heap after
Heap after GC invocations=10 (full 1):
 PSYoungGen      total 280128K, used 0K [0x00000000eaab0000, 0x00000000fd8d0000, 0x0000000100000000)
  eden space 255296K, 0% used [0x00000000eaab0000,0x00000000eaab0000,0x00000000fa400000)
  from space 24832K, 0% used [0x00000000fa400000,0x00000000fa400000,0x00000000fbc40000)
  to   space 24576K, 0% used [0x00000000fc0d0000,0x00000000fc0d0000,0x00000000fd8d0000)
 ParOldGen       total 87424K, used 40198K [0x00000000c0000000, 0x00000000c5560000, 0x00000000eaab0000)
  object space 87424K, 45% used [0x00000000c0000000,0x00000000c2741938,0x00000000c5560000)
 PSPermGen       total 69440K, used 34426K [0x00000000b0000000, 0x00000000b43d0000, 0x00000000c0000000)
  object space 69440K, 49% used [0x00000000b0000000,0x00000000b219eaf8,0x00000000b43d0000)
}
Event: 75.165 GC heap before
{Heap before GC invocations=11 (full 1):
 PSYoungGen      total 280128K, used 255296K [0x00000000eaab0000, 0x00000000fd8d0000, 0x0000000100000000)
  eden space 255296K, 100% used [0x00000000eaab0000,0x00000000fa400000,0x00000000fa400000)
  from space 24832K, 0% used [0x00000000fa400000,0x00000000fa400000,0x00000000fbc40000)
  to   space 24576K, 0% used [0x00000000fc0d0000,0x00000000fc0d0000,0x00000000fd8d0000)
 ParOldGen       total 87424K, used 40198K [0x00000000c0000000, 0x00000000c5560000, 0x00000000eaab0000)
  object space 87424K, 45% used [0x00000000c0000000,0x00000000c2741938,0x00000000c5560000)
 PSPermGen       total 69440K, used 40279K [0x00000000b0000000, 0x00000000b43d0000, 0x00000000c0000000)
  object space 69440K, 58% used [0x00000000b0000000,0x00000000b2755f00,0x00000000b43d0000)
Event: 75.184 GC heap after
Heap after GC invocations=11 (full 1):
 PSYoungGen      total 281920K, used 23874K [0x00000000eaab0000, 0x0000000100000000, 0x0000000100000000)
  eden space 257344K, 0% used [0x00000000eaab0000,0x00000000eaab0000,0x00000000fa600000)
  from space 24576K, 97% used [0x00000000fc0d0000,0x00000000fd820ac8,0x00000000fd8d0000)
  to   space 27456K, 0% used [0x00000000fa600000,0x00000000fa600000,0x00000000fc0d0000)
 ParOldGen       total 87424K, used 40198K [0x00000000c0000000, 0x00000000c5560000, 0x00000000eaab0000)
  object space 87424K, 45% used [0x00000000c0000000,0x00000000c2741938,0x00000000c5560000)
 PSPermGen       total 69440K, used 40279K [0x00000000b0000000, 0x00000000b43d0000, 0x00000000c0000000)
  object space 69440K, 58% used [0x00000000b0000000,0x00000000b2755f00,0x00000000b43d0000)
}

